<?xml version="1.0" encoding="UTF-8"?>
<!-- Generated by org.testng.reporters.JUnitReportReporter -->
<testsuite hostname="COMPND-LTP-2160" failures="0" tests="2" name="TestCases.LoginTest" time="14.893" errors="0" timestamp="2023-08-04T00:05:47 IST" skipped="0">
  <testcase classname="TestCases.LoginTest" name="loginToApplication" time="9.586"/>
  <testcase classname="TestCases.LoginTest" name="loginToApplication" time="5.307"/>
</testsuite> <!-- TestCases.LoginTest -->
