<?xml version="1.0" encoding="UTF-8"?>
<!-- Generated by org.testng.reporters.JUnitReportReporter -->
<testsuite skipped="0" hostname="ATLAS-QA5A3F3GI" name="TestCases.LoginTest" tests="2" failures="0" timestamp="2023-08-05T00:28:25 IST" time="21.296" errors="0">
  <testcase name="loginToApplication" time="8.906" classname="TestCases.LoginTest"/>
  <system-out/>
  <testcase name="loginToApplication" time="12.390" classname="TestCases.LoginTest"/>
  <system-out/>
</testsuite> <!-- TestCases.LoginTest -->
